[2023-11-10 16:51:10,568, INFO] : Cache at /data1/ay0119/hf-cache
[2023-11-10 16:51:10,568, INFO] : Log Dir at /data1/ay0119/bert-tiny-main/all/google/bert_uncased_L-2_H-128_A-2/231110-1651-AdaToken-0.15-91284
[2023-11-10 16:51:10,568, INFO] : Model from scratch : google/bert_uncased_L-2_H-128_A-2
[2023-11-10 16:51:10,781, INFO] : Cache at /data1/ay0119/hf-cache
[2023-11-10 16:51:10,781, INFO] : Log Dir at /data1/ay0119/bert-tiny-main/all/google/bert_uncased_L-2_H-128_A-2/231110-1651-AdaToken-0.15-91284
[2023-11-10 16:51:10,781, INFO] : Model from scratch : google/bert_uncased_L-2_H-128_A-2
[2023-11-10 16:51:17,907, INFO] : bookcorpus raw data 
Dataset({
    features: ['text'],
    num_rows: 74004228
})
[2023-11-10 16:51:17,907, INFO] : wikipedia raw data 
Dataset({
    features: ['text'],
    num_rows: 6458670
})
[2023-11-10 16:51:17,907, INFO] : concat raw data 
Dataset({
    features: ['text'],
    num_rows: 80462898
})
[2023-11-10 16:51:17,907, INFO] : MLM process function started
[2023-11-10 16:51:18,333, INFO] : bookcorpus raw data 
Dataset({
    features: ['text'],
    num_rows: 74004228
})
[2023-11-10 16:51:18,334, INFO] : wikipedia raw data 
Dataset({
    features: ['text'],
    num_rows: 6458670
})
[2023-11-10 16:51:18,334, INFO] : concat raw data 
Dataset({
    features: ['text'],
    num_rows: 80462898
})
[2023-11-10 16:51:18,334, INFO] : MLM process function started
[2023-11-10 16:51:19,376, INFO] : MLM process function Done
[2023-11-10 16:51:19,409, INFO] : Split started
[2023-11-10 16:51:19,776, INFO] : MLM process function Done
[2023-11-10 16:51:19,807, INFO] : Split started
[2023-11-10 16:51:20,243, INFO] : Split Done
[2023-11-10 16:51:20,244, DEBUG] : grouping took 1.4686651229858398
[2023-11-10 16:51:20,245, DEBUG] : split took 0.8331854343414307
[2023-11-10 16:51:20,488, INFO] : Dataset 
	 DatasetDict({
    train: Dataset({
        features: ['input_ids', 'attention_mask'],
        num_rows: 10743786
    })
    test: Dataset({
        features: ['input_ids', 'attention_mask'],
        num_rows: 108
    })
})
[2023-11-10 16:51:20,489, DEBUG] : seed = 91284
[2023-11-10 16:51:20,490, DEBUG] : device = cuda:4
[2023-11-10 16:51:20,491, DEBUG] : cache_dir = /data1/ay0119/hf-cache
[2023-11-10 16:51:20,492, DEBUG] : model_type = google/bert_uncased_L-2_H-128_A-2
[2023-11-10 16:51:20,493, DEBUG] : ckpt = None
[2023-11-10 16:51:20,494, DEBUG] : data = all
[2023-11-10 16:51:20,494, DEBUG] : train_test_split = 1e-05
[2023-11-10 16:51:20,494, DEBUG] : max_seq_length = 512
[2023-11-10 16:51:20,494, DEBUG] : lr = 0.0001
[2023-11-10 16:51:20,494, DEBUG] : lr_scheduler = linear
[2023-11-10 16:51:20,494, DEBUG] : warmup_steps = 10000
[2023-11-10 16:51:20,494, DEBUG] : adam_beta1 = 0.9
[2023-11-10 16:51:20,494, DEBUG] : adam_beta2 = 0.999
[2023-11-10 16:51:20,494, DEBUG] : adam_eps = 1e-08
[2023-11-10 16:51:20,494, DEBUG] : wd = 0.01
[2023-11-10 16:51:20,494, DEBUG] : dropout = 0.1
[2023-11-10 16:51:20,494, DEBUG] : epochs = 40
[2023-11-10 16:51:20,494, DEBUG] : b_train = 16
[2023-11-10 16:51:20,494, DEBUG] : max_steps = 250000
[2023-11-10 16:51:20,494, DEBUG] : gradient_accumulation_steps = 4
[2023-11-10 16:51:20,494, DEBUG] : p = 0.15
[2023-11-10 16:51:20,494, DEBUG] : mask_tolerance = 0.02
[2023-11-10 16:51:20,494, DEBUG] : mask_increment = 0.01
[2023-11-10 16:51:20,494, DEBUG] : ada_token = True
[2023-11-10 16:51:20,494, DEBUG] : ada_memo = False
[2023-11-10 16:51:20,494, DEBUG] : cosine = False
[2023-11-10 16:51:20,494, DEBUG] : step = False
[2023-11-10 16:51:20,494, DEBUG] : train = True
[2023-11-10 16:51:20,494, DEBUG] : test = False
[2023-11-10 16:51:20,494, DEBUG] : logging_steps = 10000
[2023-11-10 16:51:20,494, DEBUG] : save_steps = 50000
[2023-11-10 16:51:20,494, DEBUG] : local_rank = 1
[2023-11-10 16:51:20,494, DEBUG] : world_size = 0
[2023-11-10 16:51:20,640, INFO] : Split Done
[2023-11-10 16:51:20,642, DEBUG] : grouping took 1.441906452178955
[2023-11-10 16:51:20,643, DEBUG] : split took 0.8318862915039062
[2023-11-10 16:51:20,959, INFO] : Dataset 
	 DatasetDict({
    train: Dataset({
        features: ['input_ids', 'attention_mask'],
        num_rows: 10743786
    })
    test: Dataset({
        features: ['input_ids', 'attention_mask'],
        num_rows: 108
    })
})
[2023-11-10 16:51:20,960, DEBUG] : seed = 91284
[2023-11-10 16:51:20,961, DEBUG] : device = cuda:4
[2023-11-10 16:51:20,962, DEBUG] : cache_dir = /data1/ay0119/hf-cache
[2023-11-10 16:51:20,964, DEBUG] : model_type = google/bert_uncased_L-2_H-128_A-2
[2023-11-10 16:51:20,965, DEBUG] : ckpt = None
[2023-11-10 16:51:20,965, DEBUG] : data = all
[2023-11-10 16:51:20,965, DEBUG] : train_test_split = 1e-05
[2023-11-10 16:51:20,965, DEBUG] : max_seq_length = 512
[2023-11-10 16:51:20,965, DEBUG] : lr = 0.0001
[2023-11-10 16:51:20,965, DEBUG] : lr_scheduler = linear
[2023-11-10 16:51:20,965, DEBUG] : warmup_steps = 10000
[2023-11-10 16:51:20,965, DEBUG] : adam_beta1 = 0.9
[2023-11-10 16:51:20,965, DEBUG] : adam_beta2 = 0.999
[2023-11-10 16:51:20,965, DEBUG] : adam_eps = 1e-08
[2023-11-10 16:51:20,965, DEBUG] : wd = 0.01
[2023-11-10 16:51:20,965, DEBUG] : dropout = 0.1
[2023-11-10 16:51:20,965, DEBUG] : epochs = 40
[2023-11-10 16:51:20,965, DEBUG] : b_train = 16
[2023-11-10 16:51:20,965, DEBUG] : max_steps = 250000
[2023-11-10 16:51:20,965, DEBUG] : gradient_accumulation_steps = 4
[2023-11-10 16:51:20,965, DEBUG] : p = 0.15
[2023-11-10 16:51:20,965, DEBUG] : mask_tolerance = 0.02
[2023-11-10 16:51:20,965, DEBUG] : mask_increment = 0.01
[2023-11-10 16:51:20,965, DEBUG] : ada_token = True
[2023-11-10 16:51:20,965, DEBUG] : ada_memo = False
[2023-11-10 16:51:20,965, DEBUG] : cosine = False
[2023-11-10 16:51:20,965, DEBUG] : step = False
[2023-11-10 16:51:20,965, DEBUG] : train = True
[2023-11-10 16:51:20,965, DEBUG] : test = False
[2023-11-10 16:51:20,965, DEBUG] : logging_steps = 10000
[2023-11-10 16:51:20,965, DEBUG] : save_steps = 50000
[2023-11-10 16:51:20,965, DEBUG] : local_rank = 0
[2023-11-10 16:51:20,965, DEBUG] : world_size = 0
[2023-11-10 16:51:21,988, INFO] : Run Name : google/bert_uncased_L-2_H-128_A-2-AdaToken-0.15-91284
[2023-11-10 16:51:22,438, INFO] : Run Name : google/bert_uncased_L-2_H-128_A-2-AdaToken-0.15-91284
