Traceback (most recent call last):
  File "/home/ay0119/bert-tiny-main/trainer.py", line 228, in evaluation_loop
    EvalPrediction(predictions=all_preds, labenl_ids=all_labels, inputs=self._prepare_inputs(all_inputs)), model
    ^^^^^^^^^^^^^^^^^^^^^^^^^^^^^^^^^^^^^^^^^^^^^^^^^^^^^^^^^^^^^^^^^^^^^^^^^^^^^^^^^^^^^^^^^^^^^^^^^^^^^
TypeError: EvalPrediction.__init__() got an unexpected keyword argument 'labenl_ids'
Preds <class 'numpy.ndarray'> 
	 [[[-0.05508161 -0.04058554 -0.14535812 ...  0.04465676 -0.27871853
   -0.07705846]
  [-0.03874174  0.12036013 -0.46681252 ... -0.15085487 -0.1511168
    0.0084938 ]
  [-0.04644818 -0.0989036  -0.4756132  ... -0.20559292  0.20074902
   -0.01994409]
  ...
  [-0.04677008 -0.3801229  -0.21800525 ... -0.10692475 -0.20415877
   -0.1466999 ]
  [-0.04621248 -0.43703634 -0.10114344 ...  0.09540197  0.07478465
   -0.00524796]
  [-0.05560252  0.14069204 -0.38018072 ...  0.13685448 -0.23861118
    0.2416222 ]]

 [[-0.05392785 -0.1637723  -0.12541428 ... -0.12872921 -0.2992265
    0.20263882]
  [-0.04862415 -0.4005642  -0.40776905 ... -0.21251287 -0.2064249
    0.14091565]
  [-0.04947109  0.04402343 -0.35536253 ...  0.0235974   0.1580089
    0.01809629]
  ...
  [-0.03960042 -0.34288117 -0.4133528  ... -0.23396432 -0.19800848
   -0.10357427]
  [-0.05722341 -0.49556813 -0.3453467  ...  0.0096403   0.0170424
    0.00286087]
  [-0.05249815  0.3127593   0.05855299 ...  0.02858294 -0.13893698
    0.05243661]]

 [[-0.09019772 -0.1086455  -0.5200164  ...  0.06655207 -0.20302553
    0.24302883]
  [-0.04390601 -0.25039685 -0.44069022 ... -0.02051931 -0.2633123
    0.04928074]
  [-0.04066565 -0.35818827 -0.276129   ... -0.31052172 -0.07394721
    0.13487886]
  ...
  [-0.02890135 -0.41278318 -0.12710685 ... -0.38177106 -0.35623682
    0.08961005]
  [-0.0453035  -0.71070987 -0.4244177  ... -0.31189466 -0.2023354
    0.15506844]
  [-0.05546188  0.14500988 -0.3776363  ...  0.13685001 -0.23938157
    0.23934194]]

 ...

 [[-0.0607525  -0.21700166 -0.510196   ...  0.25607008 -0.03060971
    0.0521676 ]
  [-0.037631   -0.40722203 -0.65884846 ... -0.25512096 -0.18479508
    0.31806988]
  [-0.05184135 -0.15059614 -0.20471355 ... -0.27445     0.01879969
    0.22506207]
  ...
  [-0.07774959 -0.195349   -0.37835544 ... -0.19691011 -0.26509747
    0.20455132]
  [-0.04857702 -0.3044399  -0.54950404 ... -0.0204799   0.08267968
   -0.09221215]
  [-0.05267448  0.18594494 -0.2714289  ...  0.09477852 -0.05580407
    0.11491288]]

 [[-0.05546314 -0.08497413 -0.17644823 ...  0.241099    0.00854188
    0.03032462]
  [-0.03472355 -0.2633284  -0.5290709  ... -0.25332794 -0.06892719
    0.06347892]
  [-0.05483929 -0.09380445 -0.2306456  ...  0.02908656  0.16075383
    0.17716599]
  ...
  [-0.04784091 -0.4686847  -0.2142752  ... -0.1990973  -0.09193671
   -0.06241326]
  [-0.0549936  -0.34211048 -0.54394937 ... -0.10470061  0.05213919
   -0.09575894]
  [-0.03907628 -0.2078021  -0.13698383 ...  0.08648379 -0.05317034
    0.17996743]]

 [[-0.0619295  -0.14732088 -0.3796471  ... -0.09335288 -0.1312221
   -0.09373982]
  [-0.04465995 -0.49093583 -0.28662878 ... -0.02349708 -0.25358236
    0.17874625]
  [-0.04597631 -0.18050796 -0.37412503 ... -0.31624815  0.17076379
    0.31460315]
  ...
  [-0.07774874 -0.19582675 -0.3786914  ... -0.19532774 -0.26448858
    0.20414317]
  [-0.06196877 -0.34766802 -0.5488529  ...  0.13749686  0.04965138
    0.11244673]
  [-0.04534427  0.27081585 -0.4338899  ...  0.16391632  0.11842084
    0.14279991]]]
Labels <class 'numpy.ndarray'> 
	 [[-100 -100 -100 ... -100 -100 -100]
 [-100 -100 -100 ... -100 -100 -100]
 [1996 -100 -100 ... -100 -100 -100]
 ...
 [-100 -100 2004 ... 8410 -100 -100]
 [-100 -100 -100 ... -100 -100 -100]
 [-100 -100 -100 ... 3539 -100 -100]]
Inps <class 'numpy.ndarray'> 
	 [[ 2007  1996  4481 ...  1997  5284   102]
 [  101  2061  1010 ...  2610  3738  1999]
 [  103  2450  1005 ...  1005  1005   102]
 ...
 [ 7981  3779  1070 ...   103  3352  9474]
 [ 2016  2001  9069 ...  1043 21886  4430]
 [ 3400  3004  1006 ...   103  2704  5545]]
