[2023-11-03 08:45:43,203, INFO] : Cache at /data1/ay0119/hf-cache
[2023-11-03 08:45:43,203, INFO] : Log Dir at /data1/ay0119/bert-tiny-main/all/google/bert_uncased_L-2_H-128_A-2/231103-0845-AdaToken-0.15-91284
[2023-11-03 08:45:43,203, INFO] : Model from scratch : google/bert_uncased_L-2_H-128_A-2
[2023-11-03 08:45:43,242, INFO] : Cache at /data1/ay0119/hf-cache
[2023-11-03 08:45:43,242, INFO] : Log Dir at /data1/ay0119/bert-tiny-main/all/google/bert_uncased_L-2_H-128_A-2/231103-0845-AdaToken-0.15-91284
[2023-11-03 08:45:43,242, INFO] : Model from scratch : google/bert_uncased_L-2_H-128_A-2
[2023-11-03 08:45:51,084, INFO] : bookcorpus raw data 
Dataset({
    features: ['text'],
    num_rows: 74004228
})
[2023-11-03 08:45:51,084, INFO] : wikipedia raw data 
Dataset({
    features: ['text'],
    num_rows: 6458670
})
[2023-11-03 08:45:51,084, INFO] : concat raw data 
Dataset({
    features: ['text'],
    num_rows: 80462898
})
[2023-11-03 08:45:51,084, INFO] : MLM process function started
[2023-11-03 08:45:51,273, INFO] : bookcorpus raw data 
Dataset({
    features: ['text'],
    num_rows: 74004228
})
[2023-11-03 08:45:51,274, INFO] : wikipedia raw data 
Dataset({
    features: ['text'],
    num_rows: 6458670
})
[2023-11-03 08:45:51,274, INFO] : concat raw data 
Dataset({
    features: ['text'],
    num_rows: 80462898
})
[2023-11-03 08:45:51,274, INFO] : MLM process function started
[2023-11-03 08:45:52,453, INFO] : MLM process function Done
[2023-11-03 08:45:52,485, INFO] : Split started
[2023-11-03 08:45:52,672, INFO] : MLM process function Done
[2023-11-03 08:45:52,704, INFO] : Split started
[2023-11-03 08:46:02,473, INFO] : Split Done
[2023-11-03 08:46:02,474, DEBUG] : grouping took 1.369171380996704
[2023-11-03 08:46:02,475, DEBUG] : split took 9.987540006637573
[2023-11-03 08:46:02,768, INFO] : Dataset 
	 DatasetDict({
    train: Dataset({
        features: ['input_ids', 'attention_mask'],
        num_rows: 10743786
    })
    test: Dataset({
        features: ['input_ids', 'attention_mask'],
        num_rows: 108
    })
})
[2023-11-03 08:46:02,769, DEBUG] : seed = 91284
[2023-11-03 08:46:02,770, DEBUG] : device = cuda:4
[2023-11-03 08:46:02,771, DEBUG] : cache_dir = /data1/ay0119/hf-cache
[2023-11-03 08:46:02,772, DEBUG] : model_type = google/bert_uncased_L-2_H-128_A-2
[2023-11-03 08:46:02,773, DEBUG] : ckpt = None
[2023-11-03 08:46:02,773, DEBUG] : data = all
[2023-11-03 08:46:02,774, DEBUG] : train_test_split = 1e-05
[2023-11-03 08:46:02,774, DEBUG] : max_seq_length = 512
[2023-11-03 08:46:02,774, DEBUG] : lr = 0.0001
[2023-11-03 08:46:02,774, DEBUG] : lr_scheduler = linear
[2023-11-03 08:46:02,774, DEBUG] : warmup_steps = 10000
[2023-11-03 08:46:02,774, DEBUG] : adam_beta1 = 0.9
[2023-11-03 08:46:02,774, DEBUG] : adam_beta2 = 0.999
[2023-11-03 08:46:02,774, DEBUG] : adam_eps = 1e-08
[2023-11-03 08:46:02,774, DEBUG] : wd = 0.01
[2023-11-03 08:46:02,774, DEBUG] : dropout = 0.1
[2023-11-03 08:46:02,774, DEBUG] : epochs = 40
[2023-11-03 08:46:02,774, DEBUG] : b_train = 16
[2023-11-03 08:46:02,774, DEBUG] : max_steps = 250000
[2023-11-03 08:46:02,774, DEBUG] : gradient_accumulation_steps = 4
[2023-11-03 08:46:02,774, DEBUG] : p = 0.15
[2023-11-03 08:46:02,774, DEBUG] : mask_tolerance = 0.02
[2023-11-03 08:46:02,774, DEBUG] : mask_increment = 0.002
[2023-11-03 08:46:02,774, DEBUG] : ada_token = True
[2023-11-03 08:46:02,774, DEBUG] : ada_memo = False
[2023-11-03 08:46:02,774, DEBUG] : cosine = False
[2023-11-03 08:46:02,774, DEBUG] : step = False
[2023-11-03 08:46:02,774, DEBUG] : train = True
[2023-11-03 08:46:02,774, DEBUG] : test = False
[2023-11-03 08:46:02,774, DEBUG] : logging_steps = 10000
[2023-11-03 08:46:02,774, DEBUG] : save_steps = 50000
[2023-11-03 08:46:02,774, DEBUG] : local_rank = 1
[2023-11-03 08:46:02,774, DEBUG] : world_size = 0
[2023-11-03 08:46:02,793, INFO] : Split Done
[2023-11-03 08:46:02,794, DEBUG] : grouping took 1.3976242542266846
[2023-11-03 08:46:02,795, DEBUG] : split took 10.087462902069092
[2023-11-03 08:46:03,117, INFO] : Dataset 
	 DatasetDict({
    train: Dataset({
        features: ['input_ids', 'attention_mask'],
        num_rows: 10743786
    })
    test: Dataset({
        features: ['input_ids', 'attention_mask'],
        num_rows: 108
    })
})
[2023-11-03 08:46:03,118, DEBUG] : seed = 91284
[2023-11-03 08:46:03,119, DEBUG] : device = cuda:4
[2023-11-03 08:46:03,120, DEBUG] : cache_dir = /data1/ay0119/hf-cache
[2023-11-03 08:46:03,122, DEBUG] : model_type = google/bert_uncased_L-2_H-128_A-2
[2023-11-03 08:46:03,123, DEBUG] : ckpt = None
[2023-11-03 08:46:03,123, DEBUG] : data = all
[2023-11-03 08:46:03,123, DEBUG] : train_test_split = 1e-05
[2023-11-03 08:46:03,123, DEBUG] : max_seq_length = 512
[2023-11-03 08:46:03,123, DEBUG] : lr = 0.0001
[2023-11-03 08:46:03,123, DEBUG] : lr_scheduler = linear
[2023-11-03 08:46:03,123, DEBUG] : warmup_steps = 10000
[2023-11-03 08:46:03,123, DEBUG] : adam_beta1 = 0.9
[2023-11-03 08:46:03,123, DEBUG] : adam_beta2 = 0.999
[2023-11-03 08:46:03,123, DEBUG] : adam_eps = 1e-08
[2023-11-03 08:46:03,123, DEBUG] : wd = 0.01
[2023-11-03 08:46:03,123, DEBUG] : dropout = 0.1
[2023-11-03 08:46:03,123, DEBUG] : epochs = 40
[2023-11-03 08:46:03,123, DEBUG] : b_train = 16
[2023-11-03 08:46:03,123, DEBUG] : max_steps = 250000
[2023-11-03 08:46:03,123, DEBUG] : gradient_accumulation_steps = 4
[2023-11-03 08:46:03,123, DEBUG] : p = 0.15
[2023-11-03 08:46:03,123, DEBUG] : mask_tolerance = 0.02
[2023-11-03 08:46:03,123, DEBUG] : mask_increment = 0.002
[2023-11-03 08:46:03,123, DEBUG] : ada_token = True
[2023-11-03 08:46:03,123, DEBUG] : ada_memo = False
[2023-11-03 08:46:03,123, DEBUG] : cosine = False
[2023-11-03 08:46:03,123, DEBUG] : step = False
[2023-11-03 08:46:03,123, DEBUG] : train = True
[2023-11-03 08:46:03,123, DEBUG] : test = False
[2023-11-03 08:46:03,123, DEBUG] : logging_steps = 10000
[2023-11-03 08:46:03,124, DEBUG] : save_steps = 50000
[2023-11-03 08:46:03,124, DEBUG] : local_rank = 0
[2023-11-03 08:46:03,124, DEBUG] : world_size = 0
[2023-11-03 08:46:04,345, INFO] : Run Name : google/bert_uncased_L-2_H-128_A-2-AdaToken-0.15-91284
[2023-11-03 08:46:04,683, INFO] : Run Name : google/bert_uncased_L-2_H-128_A-2-AdaToken-0.15-91284
