[2023-10-31 03:15:21,211, INFO] : Cache at /data1/ay0119/hf-cache
[2023-10-31 03:15:21,211, INFO] : Log Dir at /data1/ay0119/bert-tiny-main/all/google/bert_uncased_L-2_H-128_A-2/231031-0315-AdaToken-0.15-124
[2023-10-31 03:15:21,211, INFO] : Model from scratch : google/bert_uncased_L-2_H-128_A-2
[2023-10-31 03:15:21,426, INFO] : Cache at /data1/ay0119/hf-cache
[2023-10-31 03:15:21,426, INFO] : Log Dir at /data1/ay0119/bert-tiny-main/all/google/bert_uncased_L-2_H-128_A-2/231031-0315-AdaToken-0.15-124
[2023-10-31 03:15:21,426, INFO] : Model from scratch : google/bert_uncased_L-2_H-128_A-2
[2023-10-31 03:15:28,752, INFO] : bookcorpus raw data 
Dataset({
    features: ['text'],
    num_rows: 74004228
})
[2023-10-31 03:15:28,752, INFO] : wikipedia raw data 
Dataset({
    features: ['text'],
    num_rows: 6458670
})
[2023-10-31 03:15:28,752, INFO] : concat raw data 
Dataset({
    features: ['text'],
    num_rows: 80462898
})
[2023-10-31 03:15:28,752, INFO] : MLM process function started
[2023-10-31 03:15:29,171, INFO] : bookcorpus raw data 
Dataset({
    features: ['text'],
    num_rows: 74004228
})
[2023-10-31 03:15:29,171, INFO] : wikipedia raw data 
Dataset({
    features: ['text'],
    num_rows: 6458670
})
[2023-10-31 03:15:29,171, INFO] : concat raw data 
Dataset({
    features: ['text'],
    num_rows: 80462898
})
[2023-10-31 03:15:29,171, INFO] : MLM process function started
[2023-10-31 03:15:30,221, INFO] : MLM process function Done
[2023-10-31 03:15:30,258, INFO] : Split started
[2023-10-31 03:15:30,594, INFO] : MLM process function Done
[2023-10-31 03:15:30,625, INFO] : Split started
[2023-10-31 03:15:31,068, INFO] : Split Done
[2023-10-31 03:15:31,070, DEBUG] : grouping took 1.4691500663757324
[2023-10-31 03:15:31,071, DEBUG] : split took 0.8070816993713379
[2023-10-31 03:15:31,322, INFO] : Dataset 
	 DatasetDict({
    train: Dataset({
        features: ['input_ids', 'attention_mask'],
        num_rows: 10743786
    })
    test: Dataset({
        features: ['input_ids', 'attention_mask'],
        num_rows: 108
    })
})
[2023-10-31 03:15:31,323, DEBUG] : seed = 124
[2023-10-31 03:15:31,324, DEBUG] : device = cuda:4
[2023-10-31 03:15:31,325, DEBUG] : cache_dir = /data1/ay0119/hf-cache
[2023-10-31 03:15:31,326, DEBUG] : model_type = google/bert_uncased_L-2_H-128_A-2
[2023-10-31 03:15:31,327, DEBUG] : ckpt = None
[2023-10-31 03:15:31,328, DEBUG] : data = all
[2023-10-31 03:15:31,328, DEBUG] : train_test_split = 1e-05
[2023-10-31 03:15:31,328, DEBUG] : max_seq_length = 512
[2023-10-31 03:15:31,328, DEBUG] : lr = 0.0001
[2023-10-31 03:15:31,328, DEBUG] : lr_scheduler = linear
[2023-10-31 03:15:31,328, DEBUG] : warmup_steps = 10000
[2023-10-31 03:15:31,328, DEBUG] : adam_beta1 = 0.9
[2023-10-31 03:15:31,328, DEBUG] : adam_beta2 = 0.999
[2023-10-31 03:15:31,328, DEBUG] : adam_eps = 1e-08
[2023-10-31 03:15:31,328, DEBUG] : wd = 0.01
[2023-10-31 03:15:31,328, DEBUG] : dropout = 0.1
[2023-10-31 03:15:31,328, DEBUG] : epochs = 40
[2023-10-31 03:15:31,328, DEBUG] : b_train = 16
[2023-10-31 03:15:31,328, DEBUG] : max_steps = 250000
[2023-10-31 03:15:31,328, DEBUG] : gradient_accumulation_steps = 4
[2023-10-31 03:15:31,328, DEBUG] : p = 0.15
[2023-10-31 03:15:31,328, DEBUG] : mask_tolerance = 0.02
[2023-10-31 03:15:31,328, DEBUG] : mask_increment = 0.0025
[2023-10-31 03:15:31,328, DEBUG] : ada_token = True
[2023-10-31 03:15:31,328, DEBUG] : ada_memo = False
[2023-10-31 03:15:31,328, DEBUG] : cosine = False
[2023-10-31 03:15:31,328, DEBUG] : step = False
[2023-10-31 03:15:31,328, DEBUG] : train = True
[2023-10-31 03:15:31,328, DEBUG] : test = False
[2023-10-31 03:15:31,328, DEBUG] : logging_steps = 10000
[2023-10-31 03:15:31,328, DEBUG] : save_steps = 50000
[2023-10-31 03:15:31,328, DEBUG] : local_rank = 1
[2023-10-31 03:15:31,328, DEBUG] : world_size = 0
[2023-10-31 03:15:31,436, INFO] : Split Done
[2023-10-31 03:15:31,437, DEBUG] : grouping took 1.4227468967437744
[2023-10-31 03:15:31,438, DEBUG] : split took 0.810391902923584
[2023-10-31 03:15:31,747, INFO] : Dataset 
	 DatasetDict({
    train: Dataset({
        features: ['input_ids', 'attention_mask'],
        num_rows: 10743786
    })
    test: Dataset({
        features: ['input_ids', 'attention_mask'],
        num_rows: 108
    })
})
[2023-10-31 03:15:31,748, DEBUG] : seed = 124
[2023-10-31 03:15:31,749, DEBUG] : device = cuda:4
[2023-10-31 03:15:31,750, DEBUG] : cache_dir = /data1/ay0119/hf-cache
[2023-10-31 03:15:31,751, DEBUG] : model_type = google/bert_uncased_L-2_H-128_A-2
[2023-10-31 03:15:31,752, DEBUG] : ckpt = None
[2023-10-31 03:15:31,752, DEBUG] : data = all
[2023-10-31 03:15:31,752, DEBUG] : train_test_split = 1e-05
[2023-10-31 03:15:31,752, DEBUG] : max_seq_length = 512
[2023-10-31 03:15:31,752, DEBUG] : lr = 0.0001
[2023-10-31 03:15:31,752, DEBUG] : lr_scheduler = linear
[2023-10-31 03:15:31,752, DEBUG] : warmup_steps = 10000
[2023-10-31 03:15:31,752, DEBUG] : adam_beta1 = 0.9
[2023-10-31 03:15:31,752, DEBUG] : adam_beta2 = 0.999
[2023-10-31 03:15:31,752, DEBUG] : adam_eps = 1e-08
[2023-10-31 03:15:31,752, DEBUG] : wd = 0.01
[2023-10-31 03:15:31,752, DEBUG] : dropout = 0.1
[2023-10-31 03:15:31,753, DEBUG] : epochs = 40
[2023-10-31 03:15:31,753, DEBUG] : b_train = 16
[2023-10-31 03:15:31,753, DEBUG] : max_steps = 250000
[2023-10-31 03:15:31,753, DEBUG] : gradient_accumulation_steps = 4
[2023-10-31 03:15:31,753, DEBUG] : p = 0.15
[2023-10-31 03:15:31,753, DEBUG] : mask_tolerance = 0.02
[2023-10-31 03:15:31,753, DEBUG] : mask_increment = 0.0025
[2023-10-31 03:15:31,753, DEBUG] : ada_token = True
[2023-10-31 03:15:31,753, DEBUG] : ada_memo = False
[2023-10-31 03:15:31,753, DEBUG] : cosine = False
[2023-10-31 03:15:31,753, DEBUG] : step = False
[2023-10-31 03:15:31,753, DEBUG] : train = True
[2023-10-31 03:15:31,753, DEBUG] : test = False
[2023-10-31 03:15:31,753, DEBUG] : logging_steps = 10000
[2023-10-31 03:15:31,753, DEBUG] : save_steps = 50000
[2023-10-31 03:15:31,753, DEBUG] : local_rank = 0
[2023-10-31 03:15:31,753, DEBUG] : world_size = 0
[2023-10-31 03:15:32,907, INFO] : Run Name : google/bert_uncased_L-2_H-128_A-2-AdaToken-0.15-124
[2023-10-31 03:15:33,306, INFO] : Run Name : google/bert_uncased_L-2_H-128_A-2-AdaToken-0.15-124
