[2023-11-01 09:45:37,100, INFO] : Cache at /data1/ay0119/hf-cache
[2023-11-01 09:45:37,100, INFO] : Log Dir at /data1/ay0119/bert-tiny-main/all/google/bert_uncased_L-2_H-128_A-2/231101-0945-AdaToken-0.15-124
[2023-11-01 09:45:37,100, INFO] : Model from scratch : google/bert_uncased_L-2_H-128_A-2
[2023-11-01 09:45:37,280, INFO] : Cache at /data1/ay0119/hf-cache
[2023-11-01 09:45:37,281, INFO] : Log Dir at /data1/ay0119/bert-tiny-main/all/google/bert_uncased_L-2_H-128_A-2/231101-0945-AdaToken-0.15-124
[2023-11-01 09:45:37,281, INFO] : Model from scratch : google/bert_uncased_L-2_H-128_A-2
[2023-11-01 09:45:44,748, INFO] : bookcorpus raw data 
Dataset({
    features: ['text'],
    num_rows: 74004228
})
[2023-11-01 09:45:44,748, INFO] : wikipedia raw data 
Dataset({
    features: ['text'],
    num_rows: 6458670
})
[2023-11-01 09:45:44,748, INFO] : concat raw data 
Dataset({
    features: ['text'],
    num_rows: 80462898
})
[2023-11-01 09:45:44,748, INFO] : MLM process function started
[2023-11-01 09:45:45,068, INFO] : bookcorpus raw data 
Dataset({
    features: ['text'],
    num_rows: 74004228
})
[2023-11-01 09:45:45,068, INFO] : wikipedia raw data 
Dataset({
    features: ['text'],
    num_rows: 6458670
})
[2023-11-01 09:45:45,068, INFO] : concat raw data 
Dataset({
    features: ['text'],
    num_rows: 80462898
})
[2023-11-01 09:45:45,068, INFO] : MLM process function started
[2023-11-01 09:45:46,172, INFO] : MLM process function Done
[2023-11-01 09:45:46,204, INFO] : Split started
[2023-11-01 09:45:46,511, INFO] : MLM process function Done
[2023-11-01 09:45:46,544, INFO] : Split started
[2023-11-01 09:45:47,036, INFO] : Split Done
[2023-11-01 09:45:47,037, DEBUG] : grouping took 1.4240407943725586
[2023-11-01 09:45:47,038, DEBUG] : split took 0.8312811851501465
[2023-11-01 09:45:47,326, INFO] : Dataset 
	 DatasetDict({
    train: Dataset({
        features: ['input_ids', 'attention_mask'],
        num_rows: 10743786
    })
    test: Dataset({
        features: ['input_ids', 'attention_mask'],
        num_rows: 108
    })
})
[2023-11-01 09:45:47,327, DEBUG] : seed = 124
[2023-11-01 09:45:47,328, DEBUG] : device = cuda:4
[2023-11-01 09:45:47,329, DEBUG] : cache_dir = /data1/ay0119/hf-cache
[2023-11-01 09:45:47,330, DEBUG] : model_type = google/bert_uncased_L-2_H-128_A-2
[2023-11-01 09:45:47,332, DEBUG] : ckpt = None
[2023-11-01 09:45:47,332, DEBUG] : data = all
[2023-11-01 09:45:47,332, DEBUG] : train_test_split = 1e-05
[2023-11-01 09:45:47,332, DEBUG] : max_seq_length = 512
[2023-11-01 09:45:47,332, DEBUG] : lr = 0.0001
[2023-11-01 09:45:47,332, DEBUG] : lr_scheduler = linear
[2023-11-01 09:45:47,332, DEBUG] : warmup_steps = 10000
[2023-11-01 09:45:47,332, DEBUG] : adam_beta1 = 0.9
[2023-11-01 09:45:47,332, DEBUG] : adam_beta2 = 0.999
[2023-11-01 09:45:47,332, DEBUG] : adam_eps = 1e-08
[2023-11-01 09:45:47,332, DEBUG] : wd = 0.01
[2023-11-01 09:45:47,332, DEBUG] : dropout = 0.1
[2023-11-01 09:45:47,332, DEBUG] : epochs = 40
[2023-11-01 09:45:47,332, DEBUG] : b_train = 16
[2023-11-01 09:45:47,332, DEBUG] : max_steps = 1000000
[2023-11-01 09:45:47,332, DEBUG] : gradient_accumulation_steps = 1
[2023-11-01 09:45:47,332, DEBUG] : p = 0.15
[2023-11-01 09:45:47,332, DEBUG] : mask_tolerance = 0.02
[2023-11-01 09:45:47,332, DEBUG] : mask_increment = 0.0025
[2023-11-01 09:45:47,332, DEBUG] : ada_token = True
[2023-11-01 09:45:47,332, DEBUG] : ada_memo = False
[2023-11-01 09:45:47,332, DEBUG] : cosine = False
[2023-11-01 09:45:47,332, DEBUG] : step = False
[2023-11-01 09:45:47,332, DEBUG] : train = True
[2023-11-01 09:45:47,332, DEBUG] : test = False
[2023-11-01 09:45:47,332, DEBUG] : logging_steps = 50000
[2023-11-01 09:45:47,332, DEBUG] : save_steps = 100000
[2023-11-01 09:45:47,332, DEBUG] : local_rank = 0
[2023-11-01 09:45:47,332, DEBUG] : world_size = 0
[2023-11-01 09:45:47,373, INFO] : Split Done
[2023-11-01 09:45:47,374, DEBUG] : grouping took 1.4427299499511719
[2023-11-01 09:45:47,375, DEBUG] : split took 0.827404260635376
[2023-11-01 09:45:47,624, INFO] : Dataset 
	 DatasetDict({
    train: Dataset({
        features: ['input_ids', 'attention_mask'],
        num_rows: 10743786
    })
    test: Dataset({
        features: ['input_ids', 'attention_mask'],
        num_rows: 108
    })
})
[2023-11-01 09:45:47,625, DEBUG] : seed = 124
[2023-11-01 09:45:47,626, DEBUG] : device = cuda:4
[2023-11-01 09:45:47,627, DEBUG] : cache_dir = /data1/ay0119/hf-cache
[2023-11-01 09:45:47,628, DEBUG] : model_type = google/bert_uncased_L-2_H-128_A-2
[2023-11-01 09:45:47,629, DEBUG] : ckpt = None
[2023-11-01 09:45:47,630, DEBUG] : data = all
[2023-11-01 09:45:47,630, DEBUG] : train_test_split = 1e-05
[2023-11-01 09:45:47,630, DEBUG] : max_seq_length = 512
[2023-11-01 09:45:47,630, DEBUG] : lr = 0.0001
[2023-11-01 09:45:47,630, DEBUG] : lr_scheduler = linear
[2023-11-01 09:45:47,630, DEBUG] : warmup_steps = 10000
[2023-11-01 09:45:47,630, DEBUG] : adam_beta1 = 0.9
[2023-11-01 09:45:47,630, DEBUG] : adam_beta2 = 0.999
[2023-11-01 09:45:47,630, DEBUG] : adam_eps = 1e-08
[2023-11-01 09:45:47,630, DEBUG] : wd = 0.01
[2023-11-01 09:45:47,630, DEBUG] : dropout = 0.1
[2023-11-01 09:45:47,630, DEBUG] : epochs = 40
[2023-11-01 09:45:47,630, DEBUG] : b_train = 16
[2023-11-01 09:45:47,630, DEBUG] : max_steps = 1000000
[2023-11-01 09:45:47,630, DEBUG] : gradient_accumulation_steps = 1
[2023-11-01 09:45:47,630, DEBUG] : p = 0.15
[2023-11-01 09:45:47,630, DEBUG] : mask_tolerance = 0.02
[2023-11-01 09:45:47,630, DEBUG] : mask_increment = 0.0025
[2023-11-01 09:45:47,630, DEBUG] : ada_token = True
[2023-11-01 09:45:47,630, DEBUG] : ada_memo = False
[2023-11-01 09:45:47,630, DEBUG] : cosine = False
[2023-11-01 09:45:47,630, DEBUG] : step = False
[2023-11-01 09:45:47,630, DEBUG] : train = True
[2023-11-01 09:45:47,630, DEBUG] : test = False
[2023-11-01 09:45:47,630, DEBUG] : logging_steps = 50000
[2023-11-01 09:45:47,630, DEBUG] : save_steps = 100000
[2023-11-01 09:45:47,630, DEBUG] : local_rank = 1
[2023-11-01 09:45:47,630, DEBUG] : world_size = 0
[2023-11-01 09:45:48,874, INFO] : Run Name : google/bert_uncased_L-2_H-128_A-2-AdaToken-0.15-124
[2023-11-01 09:45:49,177, INFO] : Run Name : google/bert_uncased_L-2_H-128_A-2-AdaToken-0.15-124
