[2023-10-24 02:21:05,670, INFO] : Cache at /data1/ay0119/hf-cache
[2023-10-24 02:21:05,670, INFO] : Log Dir at /data1/ay0119/bert-tiny-main/all/google/bert_uncased_L-2_H-128_A-2/231024-0221-AdaToken-0.15-91284
[2023-10-24 02:21:05,670, INFO] : Model from scratch : google/bert_uncased_L-2_H-128_A-2
[2023-10-24 02:21:05,711, INFO] : Cache at /data1/ay0119/hf-cache
[2023-10-24 02:21:05,711, INFO] : Log Dir at /data1/ay0119/bert-tiny-main/all/google/bert_uncased_L-2_H-128_A-2/231024-0221-AdaToken-0.15-91284
[2023-10-24 02:21:05,711, INFO] : Model from scratch : google/bert_uncased_L-2_H-128_A-2
[2023-10-24 02:21:36,624, INFO] : bookcorpus raw data 
Dataset({
    features: ['text'],
    num_rows: 74004228
})
[2023-10-24 02:21:36,625, INFO] : wikipedia raw data 
Dataset({
    features: ['text'],
    num_rows: 6458670
})
[2023-10-24 02:21:36,625, INFO] : concat raw data 
Dataset({
    features: ['text'],
    num_rows: 80462898
})
[2023-10-24 02:21:36,625, INFO] : MLM process function started
[2023-10-24 02:21:36,646, INFO] : bookcorpus raw data 
Dataset({
    features: ['text'],
    num_rows: 74004228
})
[2023-10-24 02:21:36,647, INFO] : wikipedia raw data 
Dataset({
    features: ['text'],
    num_rows: 6458670
})
[2023-10-24 02:21:36,647, INFO] : concat raw data 
Dataset({
    features: ['text'],
    num_rows: 80462898
})
[2023-10-24 02:21:36,647, INFO] : MLM process function started
[2023-10-24 02:28:34,246, INFO] : MLM process function Done
[2023-10-24 02:28:34,277, INFO] : Split started
[2023-10-24 02:28:34,418, INFO] : MLM process function Done
[2023-10-24 02:28:34,480, INFO] : Split started
[2023-10-24 02:28:37,311, INFO] : Split Done
[2023-10-24 02:28:37,313, DEBUG] : grouping took 417.6208736896515
[2023-10-24 02:28:37,314, DEBUG] : split took 3.033547878265381
[2023-10-24 02:28:37,372, INFO] : Split Done
[2023-10-24 02:28:37,373, DEBUG] : grouping took 417.7714340686798
[2023-10-24 02:28:37,374, DEBUG] : split took 2.8912181854248047
[2023-10-24 02:28:37,638, INFO] : Dataset 
	 DatasetDict({
    train: Dataset({
        features: ['input_ids', 'attention_mask'],
        num_rows: 10743786
    })
    test: Dataset({
        features: ['input_ids', 'attention_mask'],
        num_rows: 108
    })
})
[2023-10-24 02:28:37,639, DEBUG] : seed = 91284
[2023-10-24 02:28:37,640, DEBUG] : device = cuda:4
[2023-10-24 02:28:37,641, DEBUG] : cache_dir = /data1/ay0119/hf-cache
[2023-10-24 02:28:37,642, DEBUG] : model_type = google/bert_uncased_L-2_H-128_A-2
[2023-10-24 02:28:37,643, DEBUG] : ckpt = None
[2023-10-24 02:28:37,644, DEBUG] : data = all
[2023-10-24 02:28:37,644, DEBUG] : train_test_split = 1e-05
[2023-10-24 02:28:37,644, DEBUG] : max_seq_length = 512
[2023-10-24 02:28:37,644, DEBUG] : lr = 0.0001
[2023-10-24 02:28:37,644, DEBUG] : lr_scheduler = linear
[2023-10-24 02:28:37,644, DEBUG] : warmup_steps = 10000
[2023-10-24 02:28:37,644, DEBUG] : adam_beta1 = 0.9
[2023-10-24 02:28:37,644, DEBUG] : adam_beta2 = 0.999
[2023-10-24 02:28:37,644, DEBUG] : adam_eps = 1e-08
[2023-10-24 02:28:37,644, DEBUG] : wd = 0.01
[2023-10-24 02:28:37,644, DEBUG] : dropout = 0.1
[2023-10-24 02:28:37,644, DEBUG] : epochs = 40
[2023-10-24 02:28:37,644, DEBUG] : b_train = 16
[2023-10-24 02:28:37,644, DEBUG] : max_steps = 1000000
[2023-10-24 02:28:37,644, DEBUG] : gradient_accumulation_steps = 1
[2023-10-24 02:28:37,644, DEBUG] : p = 0.15
[2023-10-24 02:28:37,644, DEBUG] : ada_token = True
[2023-10-24 02:28:37,644, DEBUG] : ada_memo = False
[2023-10-24 02:28:37,644, DEBUG] : cosine = False
[2023-10-24 02:28:37,644, DEBUG] : step = False
[2023-10-24 02:28:37,644, DEBUG] : train = True
[2023-10-24 02:28:37,644, DEBUG] : test = False
[2023-10-24 02:28:37,644, DEBUG] : logging_steps = 50000
[2023-10-24 02:28:37,644, DEBUG] : save_steps = 100000
[2023-10-24 02:28:37,644, DEBUG] : local_rank = 1
[2023-10-24 02:28:37,644, DEBUG] : world_size = 0
[2023-10-24 02:28:37,750, INFO] : Dataset 
	 DatasetDict({
    train: Dataset({
        features: ['input_ids', 'attention_mask'],
        num_rows: 10743786
    })
    test: Dataset({
        features: ['input_ids', 'attention_mask'],
        num_rows: 108
    })
})
[2023-10-24 02:28:37,751, DEBUG] : seed = 91284
[2023-10-24 02:28:37,752, DEBUG] : device = cuda:4
[2023-10-24 02:28:37,753, DEBUG] : cache_dir = /data1/ay0119/hf-cache
[2023-10-24 02:28:37,754, DEBUG] : model_type = google/bert_uncased_L-2_H-128_A-2
[2023-10-24 02:28:37,755, DEBUG] : ckpt = None
[2023-10-24 02:28:37,756, DEBUG] : data = all
[2023-10-24 02:28:37,756, DEBUG] : train_test_split = 1e-05
[2023-10-24 02:28:37,756, DEBUG] : max_seq_length = 512
[2023-10-24 02:28:37,756, DEBUG] : lr = 0.0001
[2023-10-24 02:28:37,756, DEBUG] : lr_scheduler = linear
[2023-10-24 02:28:37,756, DEBUG] : warmup_steps = 10000
[2023-10-24 02:28:37,756, DEBUG] : adam_beta1 = 0.9
[2023-10-24 02:28:37,756, DEBUG] : adam_beta2 = 0.999
[2023-10-24 02:28:37,756, DEBUG] : adam_eps = 1e-08
[2023-10-24 02:28:37,756, DEBUG] : wd = 0.01
[2023-10-24 02:28:37,756, DEBUG] : dropout = 0.1
[2023-10-24 02:28:37,756, DEBUG] : epochs = 40
[2023-10-24 02:28:37,756, DEBUG] : b_train = 16
[2023-10-24 02:28:37,756, DEBUG] : max_steps = 1000000
[2023-10-24 02:28:37,756, DEBUG] : gradient_accumulation_steps = 1
[2023-10-24 02:28:37,756, DEBUG] : p = 0.15
[2023-10-24 02:28:37,756, DEBUG] : ada_token = True
[2023-10-24 02:28:37,756, DEBUG] : ada_memo = False
[2023-10-24 02:28:37,756, DEBUG] : cosine = False
[2023-10-24 02:28:37,756, DEBUG] : step = False
[2023-10-24 02:28:37,756, DEBUG] : train = True
[2023-10-24 02:28:37,756, DEBUG] : test = False
[2023-10-24 02:28:37,756, DEBUG] : logging_steps = 50000
[2023-10-24 02:28:37,756, DEBUG] : save_steps = 100000
[2023-10-24 02:28:37,756, DEBUG] : local_rank = 0
[2023-10-24 02:28:37,756, DEBUG] : world_size = 0
[2023-10-24 02:28:39,185, INFO] : Run Name : google/bert_uncased_L-2_H-128_A-2-AdaToken-0.15-91284
[2023-10-24 02:28:39,304, INFO] : Run Name : google/bert_uncased_L-2_H-128_A-2-AdaToken-0.15-91284
