[2023-10-22 11:32:10,135, INFO] : Cache at /data1/ay0119/hf-cache
[2023-10-22 11:32:10,136, INFO] : Log Dir at /data1/ay0119/bert-tiny-main/all/google/bert_uncased_L-2_H-128_A-2/231022-1132-Const-0.15-124
[2023-10-22 11:32:10,136, INFO] : Model from pretrained : /data1/ay0119/ckpts/231009-200603-Const-0.15-124/checkpoint-1020000
[2023-10-22 11:32:10,329, INFO] : Cache at /data1/ay0119/hf-cache
[2023-10-22 11:32:10,329, INFO] : Log Dir at /data1/ay0119/bert-tiny-main/all/google/bert_uncased_L-2_H-128_A-2/231022-1132-Const-0.15-124
[2023-10-22 11:32:10,329, INFO] : Model from pretrained : /data1/ay0119/ckpts/231009-200603-Const-0.15-124/checkpoint-1020000
[2023-10-22 11:32:17,633, INFO] : bookcorpus raw data 
Dataset({
    features: ['text'],
    num_rows: 74004228
})
[2023-10-22 11:32:17,634, INFO] : wikipedia raw data 
Dataset({
    features: ['text'],
    num_rows: 6458670
})
[2023-10-22 11:32:17,634, INFO] : concat raw data 
Dataset({
    features: ['text'],
    num_rows: 80462898
})
[2023-10-22 11:32:17,634, INFO] : MLM process function started
[2023-10-22 11:32:17,687, INFO] : bookcorpus raw data 
Dataset({
    features: ['text'],
    num_rows: 74004228
})
[2023-10-22 11:32:17,687, INFO] : wikipedia raw data 
Dataset({
    features: ['text'],
    num_rows: 6458670
})
[2023-10-22 11:32:17,687, INFO] : concat raw data 
Dataset({
    features: ['text'],
    num_rows: 80462898
})
[2023-10-22 11:32:17,687, INFO] : MLM process function started
[2023-10-22 11:32:19,074, INFO] : MLM process function Done
[2023-10-22 11:32:19,107, INFO] : Split started
[2023-10-22 11:32:19,164, INFO] : MLM process function Done
[2023-10-22 11:32:19,195, INFO] : Split started
[2023-10-22 11:32:19,807, INFO] : Split Done
[2023-10-22 11:32:19,808, DEBUG] : grouping took 1.4405298233032227
[2023-10-22 11:32:19,809, DEBUG] : split took 0.6990370750427246
[2023-10-22 11:32:19,829, INFO] : Split Done
[2023-10-22 11:32:19,830, DEBUG] : grouping took 1.4769690036773682
[2023-10-22 11:32:19,831, DEBUG] : split took 0.6324975490570068
[2023-10-22 11:32:20,080, INFO] : Dataset 
	 DatasetDict({
    train: Dataset({
        features: ['input_ids', 'attention_mask'],
        num_rows: 10743786
    })
    test: Dataset({
        features: ['input_ids', 'attention_mask'],
        num_rows: 108
    })
})
[2023-10-22 11:32:20,081, DEBUG] : seed = 124
[2023-10-22 11:32:20,082, DEBUG] : device = cuda:4
[2023-10-22 11:32:20,083, DEBUG] : cache_dir = /data1/ay0119/hf-cache
[2023-10-22 11:32:20,084, DEBUG] : model_type = google/bert_uncased_L-2_H-128_A-2
[2023-10-22 11:32:20,085, DEBUG] : ckpt = /data1/ay0119/ckpts/231009-200603-Const-0.15-124/checkpoint-1020000
[2023-10-22 11:32:20,085, DEBUG] : data = all
[2023-10-22 11:32:20,085, DEBUG] : train_test_split = 1e-05
[2023-10-22 11:32:20,085, DEBUG] : max_seq_length = 512
[2023-10-22 11:32:20,085, DEBUG] : lr = 0.0001
[2023-10-22 11:32:20,085, DEBUG] : lr_scheduler = linear
[2023-10-22 11:32:20,085, DEBUG] : warmup_steps = 0
[2023-10-22 11:32:20,085, DEBUG] : adam_beta1 = 0.9
[2023-10-22 11:32:20,085, DEBUG] : adam_beta2 = 0.999
[2023-10-22 11:32:20,085, DEBUG] : adam_eps = 1e-06
[2023-10-22 11:32:20,085, DEBUG] : wd = 0.01
[2023-10-22 11:32:20,085, DEBUG] : dropout = 0.1
[2023-10-22 11:32:20,086, DEBUG] : epochs = 3
[2023-10-22 11:32:20,086, DEBUG] : b_train = 16
[2023-10-22 11:32:20,086, DEBUG] : max_steps = 1000000
[2023-10-22 11:32:20,086, DEBUG] : gradient_accumulation_steps = 1
[2023-10-22 11:32:20,086, DEBUG] : p = 0.15
[2023-10-22 11:32:20,086, DEBUG] : ada_token = False
[2023-10-22 11:32:20,086, DEBUG] : ada_memo = False
[2023-10-22 11:32:20,086, DEBUG] : cosine = False
[2023-10-22 11:32:20,086, DEBUG] : step = False
[2023-10-22 11:32:20,086, DEBUG] : train = True
[2023-10-22 11:32:20,086, DEBUG] : test = False
[2023-10-22 11:32:20,086, DEBUG] : logging_steps = 10000
[2023-10-22 11:32:20,086, DEBUG] : save_steps = 100000
[2023-10-22 11:32:20,086, DEBUG] : local_rank = 0
[2023-10-22 11:32:20,086, DEBUG] : world_size = 0
[2023-10-22 11:32:20,110, INFO] : Dataset 
	 DatasetDict({
    train: Dataset({
        features: ['input_ids', 'attention_mask'],
        num_rows: 10743786
    })
    test: Dataset({
        features: ['input_ids', 'attention_mask'],
        num_rows: 108
    })
})
[2023-10-22 11:32:20,111, DEBUG] : seed = 124
[2023-10-22 11:32:20,112, DEBUG] : device = cuda:4
[2023-10-22 11:32:20,113, DEBUG] : cache_dir = /data1/ay0119/hf-cache
[2023-10-22 11:32:20,114, DEBUG] : model_type = google/bert_uncased_L-2_H-128_A-2
[2023-10-22 11:32:20,115, DEBUG] : ckpt = /data1/ay0119/ckpts/231009-200603-Const-0.15-124/checkpoint-1020000
[2023-10-22 11:32:20,116, DEBUG] : data = all
[2023-10-22 11:32:20,116, DEBUG] : train_test_split = 1e-05
[2023-10-22 11:32:20,116, DEBUG] : max_seq_length = 512
[2023-10-22 11:32:20,116, DEBUG] : lr = 0.0001
[2023-10-22 11:32:20,116, DEBUG] : lr_scheduler = linear
[2023-10-22 11:32:20,116, DEBUG] : warmup_steps = 0
[2023-10-22 11:32:20,116, DEBUG] : adam_beta1 = 0.9
[2023-10-22 11:32:20,116, DEBUG] : adam_beta2 = 0.999
[2023-10-22 11:32:20,116, DEBUG] : adam_eps = 1e-06
[2023-10-22 11:32:20,116, DEBUG] : wd = 0.01
[2023-10-22 11:32:20,116, DEBUG] : dropout = 0.1
[2023-10-22 11:32:20,116, DEBUG] : epochs = 3
[2023-10-22 11:32:20,116, DEBUG] : b_train = 16
[2023-10-22 11:32:20,116, DEBUG] : max_steps = 1000000
[2023-10-22 11:32:20,116, DEBUG] : gradient_accumulation_steps = 1
[2023-10-22 11:32:20,116, DEBUG] : p = 0.15
[2023-10-22 11:32:20,116, DEBUG] : ada_token = False
[2023-10-22 11:32:20,116, DEBUG] : ada_memo = False
[2023-10-22 11:32:20,116, DEBUG] : cosine = False
[2023-10-22 11:32:20,116, DEBUG] : step = False
[2023-10-22 11:32:20,116, DEBUG] : train = True
[2023-10-22 11:32:20,116, DEBUG] : test = False
[2023-10-22 11:32:20,116, DEBUG] : logging_steps = 10000
[2023-10-22 11:32:20,116, DEBUG] : save_steps = 100000
[2023-10-22 11:32:20,116, DEBUG] : local_rank = 1
[2023-10-22 11:32:20,116, DEBUG] : world_size = 0
[2023-10-22 11:32:21,688, INFO] : Run Name : google/bert_uncased_L-2_H-128_A-2-Const-0.15-124
[2023-10-22 11:32:21,700, INFO] : Run Name : google/bert_uncased_L-2_H-128_A-2-Const-0.15-124
