[2023-11-02 13:47:37,397, INFO] : Cache at /data1/ay0119/hf-cache
[2023-11-02 13:47:37,397, INFO] : Cache at /data1/ay0119/hf-cache
[2023-11-02 13:47:37,397, INFO] : Log Dir at /data1/ay0119/bert-tiny-main/all/google/bert_uncased_L-2_H-128_A-2/231102-1347-AdaToken-0.15-124
[2023-11-02 13:47:37,397, INFO] : Log Dir at /data1/ay0119/bert-tiny-main/all/google/bert_uncased_L-2_H-128_A-2/231102-1347-AdaToken-0.15-124
[2023-11-02 13:47:37,397, INFO] : Model from scratch : google/bert_uncased_L-2_H-128_A-2
[2023-11-02 13:47:37,397, INFO] : Model from scratch : google/bert_uncased_L-2_H-128_A-2
[2023-11-02 13:47:44,893, INFO] : bookcorpus raw data 
Dataset({
    features: ['text'],
    num_rows: 74004228
})
[2023-11-02 13:47:44,893, INFO] : wikipedia raw data 
Dataset({
    features: ['text'],
    num_rows: 6458670
})
[2023-11-02 13:47:44,893, INFO] : concat raw data 
Dataset({
    features: ['text'],
    num_rows: 80462898
})
[2023-11-02 13:47:44,893, INFO] : MLM process function started
[2023-11-02 13:47:45,103, INFO] : bookcorpus raw data 
Dataset({
    features: ['text'],
    num_rows: 74004228
})
[2023-11-02 13:47:45,103, INFO] : wikipedia raw data 
Dataset({
    features: ['text'],
    num_rows: 6458670
})
[2023-11-02 13:47:45,103, INFO] : concat raw data 
Dataset({
    features: ['text'],
    num_rows: 80462898
})
[2023-11-02 13:47:45,103, INFO] : MLM process function started
[2023-11-02 13:47:46,268, INFO] : MLM process function Done
[2023-11-02 13:47:46,301, INFO] : Split started
[2023-11-02 13:47:46,410, INFO] : MLM process function Done
[2023-11-02 13:47:46,442, INFO] : Split started
[2023-11-02 13:47:47,089, INFO] : Split Done
[2023-11-02 13:47:47,090, DEBUG] : grouping took 1.3749780654907227
[2023-11-02 13:47:47,091, DEBUG] : split took 0.7869195938110352
[2023-11-02 13:47:47,208, INFO] : Split Done
[2023-11-02 13:47:47,209, DEBUG] : grouping took 1.3067798614501953
[2023-11-02 13:47:47,210, DEBUG] : split took 0.7648415565490723
[2023-11-02 13:47:47,366, INFO] : Dataset 
	 DatasetDict({
    train: Dataset({
        features: ['input_ids', 'attention_mask'],
        num_rows: 10743786
    })
    test: Dataset({
        features: ['input_ids', 'attention_mask'],
        num_rows: 108
    })
})
[2023-11-02 13:47:47,367, DEBUG] : seed = 124
[2023-11-02 13:47:47,368, DEBUG] : device = cuda:4
[2023-11-02 13:47:47,370, DEBUG] : cache_dir = /data1/ay0119/hf-cache
[2023-11-02 13:47:47,371, DEBUG] : model_type = google/bert_uncased_L-2_H-128_A-2
[2023-11-02 13:47:47,372, DEBUG] : ckpt = None
[2023-11-02 13:47:47,372, DEBUG] : data = all
[2023-11-02 13:47:47,372, DEBUG] : train_test_split = 1e-05
[2023-11-02 13:47:47,372, DEBUG] : max_seq_length = 512
[2023-11-02 13:47:47,372, DEBUG] : lr = 0.0001
[2023-11-02 13:47:47,372, DEBUG] : lr_scheduler = linear
[2023-11-02 13:47:47,372, DEBUG] : warmup_steps = 10000
[2023-11-02 13:47:47,372, DEBUG] : adam_beta1 = 0.9
[2023-11-02 13:47:47,372, DEBUG] : adam_beta2 = 0.999
[2023-11-02 13:47:47,372, DEBUG] : adam_eps = 1e-08
[2023-11-02 13:47:47,372, DEBUG] : wd = 0.01
[2023-11-02 13:47:47,372, DEBUG] : dropout = 0.1
[2023-11-02 13:47:47,372, DEBUG] : epochs = 40
[2023-11-02 13:47:47,372, DEBUG] : b_train = 16
[2023-11-02 13:47:47,372, DEBUG] : max_steps = 1000000
[2023-11-02 13:47:47,372, DEBUG] : gradient_accumulation_steps = 1
[2023-11-02 13:47:47,372, DEBUG] : p = 0.15
[2023-11-02 13:47:47,372, DEBUG] : mask_tolerance = 0.02
[2023-11-02 13:47:47,372, DEBUG] : mask_increment = 0.002
[2023-11-02 13:47:47,372, DEBUG] : ada_token = True
[2023-11-02 13:47:47,372, DEBUG] : ada_memo = False
[2023-11-02 13:47:47,372, DEBUG] : cosine = False
[2023-11-02 13:47:47,372, DEBUG] : step = False
[2023-11-02 13:47:47,372, DEBUG] : train = True
[2023-11-02 13:47:47,372, DEBUG] : test = False
[2023-11-02 13:47:47,372, DEBUG] : logging_steps = 50000
[2023-11-02 13:47:47,373, DEBUG] : save_steps = 100000
[2023-11-02 13:47:47,373, DEBUG] : local_rank = 0
[2023-11-02 13:47:47,373, DEBUG] : world_size = 0
[2023-11-02 13:47:47,506, INFO] : Dataset 
	 DatasetDict({
    train: Dataset({
        features: ['input_ids', 'attention_mask'],
        num_rows: 10743786
    })
    test: Dataset({
        features: ['input_ids', 'attention_mask'],
        num_rows: 108
    })
})
[2023-11-02 13:47:47,507, DEBUG] : seed = 124
[2023-11-02 13:47:47,508, DEBUG] : device = cuda:4
[2023-11-02 13:47:47,509, DEBUG] : cache_dir = /data1/ay0119/hf-cache
[2023-11-02 13:47:47,510, DEBUG] : model_type = google/bert_uncased_L-2_H-128_A-2
[2023-11-02 13:47:47,511, DEBUG] : ckpt = None
[2023-11-02 13:47:47,511, DEBUG] : data = all
[2023-11-02 13:47:47,511, DEBUG] : train_test_split = 1e-05
[2023-11-02 13:47:47,511, DEBUG] : max_seq_length = 512
[2023-11-02 13:47:47,511, DEBUG] : lr = 0.0001
[2023-11-02 13:47:47,511, DEBUG] : lr_scheduler = linear
[2023-11-02 13:47:47,511, DEBUG] : warmup_steps = 10000
[2023-11-02 13:47:47,511, DEBUG] : adam_beta1 = 0.9
[2023-11-02 13:47:47,511, DEBUG] : adam_beta2 = 0.999
[2023-11-02 13:47:47,511, DEBUG] : adam_eps = 1e-08
[2023-11-02 13:47:47,511, DEBUG] : wd = 0.01
[2023-11-02 13:47:47,511, DEBUG] : dropout = 0.1
[2023-11-02 13:47:47,511, DEBUG] : epochs = 40
[2023-11-02 13:47:47,511, DEBUG] : b_train = 16
[2023-11-02 13:47:47,511, DEBUG] : max_steps = 1000000
[2023-11-02 13:47:47,511, DEBUG] : gradient_accumulation_steps = 1
[2023-11-02 13:47:47,511, DEBUG] : p = 0.15
[2023-11-02 13:47:47,511, DEBUG] : mask_tolerance = 0.02
[2023-11-02 13:47:47,511, DEBUG] : mask_increment = 0.002
[2023-11-02 13:47:47,511, DEBUG] : ada_token = True
[2023-11-02 13:47:47,511, DEBUG] : ada_memo = False
[2023-11-02 13:47:47,512, DEBUG] : cosine = False
[2023-11-02 13:47:47,512, DEBUG] : step = False
[2023-11-02 13:47:47,512, DEBUG] : train = True
[2023-11-02 13:47:47,512, DEBUG] : test = False
[2023-11-02 13:47:47,512, DEBUG] : logging_steps = 50000
[2023-11-02 13:47:47,512, DEBUG] : save_steps = 100000
[2023-11-02 13:47:47,512, DEBUG] : local_rank = 1
[2023-11-02 13:47:47,512, DEBUG] : world_size = 0
[2023-11-02 13:47:48,925, INFO] : Run Name : google/bert_uncased_L-2_H-128_A-2-AdaToken-0.15-124
[2023-11-02 13:47:49,067, INFO] : Run Name : google/bert_uncased_L-2_H-128_A-2-AdaToken-0.15-124
