[2023-11-04 10:34:39,989, INFO] : Cache at /data1/ay0119/hf-cache
[2023-11-04 10:34:39,989, INFO] : Log Dir at /data1/ay0119/bert-tiny-main/all/google/bert_uncased_L-2_H-128_A-2/231104-1034-AdaToken-0.15-91284
[2023-11-04 10:34:39,989, INFO] : Model from scratch : google/bert_uncased_L-2_H-128_A-2
[2023-11-04 10:34:40,031, INFO] : Cache at /data1/ay0119/hf-cache
[2023-11-04 10:34:40,031, INFO] : Log Dir at /data1/ay0119/bert-tiny-main/all/google/bert_uncased_L-2_H-128_A-2/231104-1034-AdaToken-0.15-91284
[2023-11-04 10:34:40,031, INFO] : Model from scratch : google/bert_uncased_L-2_H-128_A-2
[2023-11-04 10:34:47,878, INFO] : bookcorpus raw data 
Dataset({
    features: ['text'],
    num_rows: 74004228
})
[2023-11-04 10:34:47,879, INFO] : wikipedia raw data 
Dataset({
    features: ['text'],
    num_rows: 6458670
})
[2023-11-04 10:34:47,879, INFO] : concat raw data 
Dataset({
    features: ['text'],
    num_rows: 80462898
})
[2023-11-04 10:34:47,879, INFO] : MLM process function started
[2023-11-04 10:34:47,882, INFO] : bookcorpus raw data 
Dataset({
    features: ['text'],
    num_rows: 74004228
})
[2023-11-04 10:34:47,883, INFO] : wikipedia raw data 
Dataset({
    features: ['text'],
    num_rows: 6458670
})
[2023-11-04 10:34:47,883, INFO] : concat raw data 
Dataset({
    features: ['text'],
    num_rows: 80462898
})
[2023-11-04 10:34:47,883, INFO] : MLM process function started
[2023-11-04 10:34:49,192, INFO] : MLM process function Done
[2023-11-04 10:34:49,196, INFO] : MLM process function Done
[2023-11-04 10:34:49,225, INFO] : Split started
[2023-11-04 10:34:49,229, INFO] : Split started
[2023-11-04 10:34:49,992, INFO] : Split Done
[2023-11-04 10:34:49,993, DEBUG] : grouping took 1.3098645210266113
[2023-11-04 10:34:49,994, DEBUG] : split took 0.7656242847442627
[2023-11-04 10:34:50,010, INFO] : Split Done
[2023-11-04 10:34:50,011, DEBUG] : grouping took 1.31736159324646
[2023-11-04 10:34:50,015, DEBUG] : split took 0.7798247337341309
[2023-11-04 10:34:50,300, INFO] : Dataset 
	 DatasetDict({
    train: Dataset({
        features: ['input_ids', 'attention_mask'],
        num_rows: 10743786
    })
    test: Dataset({
        features: ['input_ids', 'attention_mask'],
        num_rows: 108
    })
})
[2023-11-04 10:34:50,301, DEBUG] : seed = 91284
[2023-11-04 10:34:50,302, DEBUG] : device = cuda:4
[2023-11-04 10:34:50,303, DEBUG] : cache_dir = /data1/ay0119/hf-cache
[2023-11-04 10:34:50,304, DEBUG] : model_type = google/bert_uncased_L-2_H-128_A-2
[2023-11-04 10:34:50,305, DEBUG] : ckpt = None
[2023-11-04 10:34:50,306, DEBUG] : data = all
[2023-11-04 10:34:50,306, DEBUG] : train_test_split = 1e-05
[2023-11-04 10:34:50,306, DEBUG] : max_seq_length = 512
[2023-11-04 10:34:50,306, DEBUG] : lr = 0.0001
[2023-11-04 10:34:50,306, DEBUG] : lr_scheduler = linear
[2023-11-04 10:34:50,306, DEBUG] : warmup_steps = 10000
[2023-11-04 10:34:50,306, DEBUG] : adam_beta1 = 0.9
[2023-11-04 10:34:50,306, DEBUG] : adam_beta2 = 0.999
[2023-11-04 10:34:50,306, DEBUG] : adam_eps = 1e-08
[2023-11-04 10:34:50,306, DEBUG] : wd = 0.01
[2023-11-04 10:34:50,306, DEBUG] : dropout = 0.1
[2023-11-04 10:34:50,306, DEBUG] : epochs = 40
[2023-11-04 10:34:50,306, DEBUG] : b_train = 16
[2023-11-04 10:34:50,306, DEBUG] : max_steps = 2000000
[2023-11-04 10:34:50,306, DEBUG] : gradient_accumulation_steps = 1
[2023-11-04 10:34:50,306, DEBUG] : p = 0.15
[2023-11-04 10:34:50,306, DEBUG] : mask_tolerance = 0.02
[2023-11-04 10:34:50,306, DEBUG] : mask_increment = 0.002
[2023-11-04 10:34:50,306, DEBUG] : ada_token = True
[2023-11-04 10:34:50,306, DEBUG] : ada_memo = False
[2023-11-04 10:34:50,306, DEBUG] : cosine = False
[2023-11-04 10:34:50,306, DEBUG] : step = False
[2023-11-04 10:34:50,306, DEBUG] : train = True
[2023-11-04 10:34:50,306, DEBUG] : test = False
[2023-11-04 10:34:50,306, DEBUG] : logging_steps = 50000
[2023-11-04 10:34:50,306, DEBUG] : save_steps = 100000
[2023-11-04 10:34:50,306, DEBUG] : local_rank = 1
[2023-11-04 10:34:50,306, DEBUG] : world_size = 0
[2023-11-04 10:34:50,324, INFO] : Dataset 
	 DatasetDict({
    train: Dataset({
        features: ['input_ids', 'attention_mask'],
        num_rows: 10743786
    })
    test: Dataset({
        features: ['input_ids', 'attention_mask'],
        num_rows: 108
    })
})
[2023-11-04 10:34:50,325, DEBUG] : seed = 91284
[2023-11-04 10:34:50,326, DEBUG] : device = cuda:4
[2023-11-04 10:34:50,327, DEBUG] : cache_dir = /data1/ay0119/hf-cache
[2023-11-04 10:34:50,328, DEBUG] : model_type = google/bert_uncased_L-2_H-128_A-2
[2023-11-04 10:34:50,329, DEBUG] : ckpt = None
[2023-11-04 10:34:50,330, DEBUG] : data = all
[2023-11-04 10:34:50,330, DEBUG] : train_test_split = 1e-05
[2023-11-04 10:34:50,330, DEBUG] : max_seq_length = 512
[2023-11-04 10:34:50,330, DEBUG] : lr = 0.0001
[2023-11-04 10:34:50,330, DEBUG] : lr_scheduler = linear
[2023-11-04 10:34:50,330, DEBUG] : warmup_steps = 10000
[2023-11-04 10:34:50,330, DEBUG] : adam_beta1 = 0.9
[2023-11-04 10:34:50,330, DEBUG] : adam_beta2 = 0.999
[2023-11-04 10:34:50,330, DEBUG] : adam_eps = 1e-08
[2023-11-04 10:34:50,330, DEBUG] : wd = 0.01
[2023-11-04 10:34:50,330, DEBUG] : dropout = 0.1
[2023-11-04 10:34:50,330, DEBUG] : epochs = 40
[2023-11-04 10:34:50,330, DEBUG] : b_train = 16
[2023-11-04 10:34:50,330, DEBUG] : max_steps = 2000000
[2023-11-04 10:34:50,330, DEBUG] : gradient_accumulation_steps = 1
[2023-11-04 10:34:50,330, DEBUG] : p = 0.15
[2023-11-04 10:34:50,330, DEBUG] : mask_tolerance = 0.02
[2023-11-04 10:34:50,330, DEBUG] : mask_increment = 0.002
[2023-11-04 10:34:50,330, DEBUG] : ada_token = True
[2023-11-04 10:34:50,330, DEBUG] : ada_memo = False
[2023-11-04 10:34:50,330, DEBUG] : cosine = False
[2023-11-04 10:34:50,330, DEBUG] : step = False
[2023-11-04 10:34:50,330, DEBUG] : train = True
[2023-11-04 10:34:50,330, DEBUG] : test = False
[2023-11-04 10:34:50,330, DEBUG] : logging_steps = 50000
[2023-11-04 10:34:50,330, DEBUG] : save_steps = 100000
[2023-11-04 10:34:50,330, DEBUG] : local_rank = 0
[2023-11-04 10:34:50,330, DEBUG] : world_size = 0
[2023-11-04 10:34:51,872, INFO] : Run Name : google/bert_uncased_L-2_H-128_A-2-AdaToken-0.15-91284
[2023-11-04 10:34:51,892, INFO] : Run Name : google/bert_uncased_L-2_H-128_A-2-AdaToken-0.15-91284
