[2023-10-25 13:01:11,841, INFO] : Cache at /data1/ay0119/hf-cache
[2023-10-25 13:01:11,841, INFO] : Log Dir at /data1/ay0119/bert-tiny-main/all/google/bert_uncased_L-2_H-128_A-2/231025-1301-AdaToken-0.15-91284
[2023-10-25 13:01:11,842, INFO] : Model from scratch : google/bert_uncased_L-2_H-128_A-2
[2023-10-25 13:01:11,861, INFO] : Cache at /data1/ay0119/hf-cache
[2023-10-25 13:01:11,861, INFO] : Log Dir at /data1/ay0119/bert-tiny-main/all/google/bert_uncased_L-2_H-128_A-2/231025-1301-AdaToken-0.15-91284
[2023-10-25 13:01:11,861, INFO] : Model from scratch : google/bert_uncased_L-2_H-128_A-2
[2023-10-25 13:01:19,238, INFO] : bookcorpus raw data 
Dataset({
    features: ['text'],
    num_rows: 74004228
})
[2023-10-25 13:01:19,238, INFO] : wikipedia raw data 
Dataset({
    features: ['text'],
    num_rows: 6458670
})
[2023-10-25 13:01:19,238, INFO] : concat raw data 
Dataset({
    features: ['text'],
    num_rows: 80462898
})
[2023-10-25 13:01:19,238, INFO] : MLM process function started
[2023-10-25 13:01:19,290, INFO] : bookcorpus raw data 
Dataset({
    features: ['text'],
    num_rows: 74004228
})
[2023-10-25 13:01:19,290, INFO] : wikipedia raw data 
Dataset({
    features: ['text'],
    num_rows: 6458670
})
[2023-10-25 13:01:19,290, INFO] : concat raw data 
Dataset({
    features: ['text'],
    num_rows: 80462898
})
[2023-10-25 13:01:19,290, INFO] : MLM process function started
[2023-10-25 13:01:20,603, INFO] : MLM process function Done
[2023-10-25 13:01:20,633, INFO] : Split started
[2023-10-25 13:01:20,647, INFO] : MLM process function Done
[2023-10-25 13:01:20,677, INFO] : Split started
[2023-10-25 13:01:21,243, INFO] : Split Done
[2023-10-25 13:01:21,245, DEBUG] : grouping took 1.3645849227905273
[2023-10-25 13:01:21,245, DEBUG] : split took 0.6097135543823242
[2023-10-25 13:01:21,316, INFO] : Split Done
[2023-10-25 13:01:21,317, DEBUG] : grouping took 1.356520175933838
[2023-10-25 13:01:21,318, DEBUG] : split took 0.6373975276947021
[2023-10-25 13:01:21,481, INFO] : Dataset 
	 DatasetDict({
    train: Dataset({
        features: ['input_ids', 'attention_mask'],
        num_rows: 10743786
    })
    test: Dataset({
        features: ['input_ids', 'attention_mask'],
        num_rows: 108
    })
})
[2023-10-25 13:01:21,482, DEBUG] : seed = 91284
[2023-10-25 13:01:21,483, DEBUG] : device = cuda:4
[2023-10-25 13:01:21,484, DEBUG] : cache_dir = /data1/ay0119/hf-cache
[2023-10-25 13:01:21,485, DEBUG] : model_type = google/bert_uncased_L-2_H-128_A-2
[2023-10-25 13:01:21,486, DEBUG] : ckpt = None
[2023-10-25 13:01:21,486, DEBUG] : data = all
[2023-10-25 13:01:21,486, DEBUG] : train_test_split = 1e-05
[2023-10-25 13:01:21,486, DEBUG] : max_seq_length = 512
[2023-10-25 13:01:21,486, DEBUG] : lr = 0.0001
[2023-10-25 13:01:21,486, DEBUG] : lr_scheduler = linear
[2023-10-25 13:01:21,486, DEBUG] : warmup_steps = 10000
[2023-10-25 13:01:21,486, DEBUG] : adam_beta1 = 0.9
[2023-10-25 13:01:21,486, DEBUG] : adam_beta2 = 0.999
[2023-10-25 13:01:21,486, DEBUG] : adam_eps = 1e-08
[2023-10-25 13:01:21,486, DEBUG] : wd = 0.01
[2023-10-25 13:01:21,487, DEBUG] : dropout = 0.1
[2023-10-25 13:01:21,487, DEBUG] : epochs = 40
[2023-10-25 13:01:21,487, DEBUG] : b_train = 16
[2023-10-25 13:01:21,487, DEBUG] : max_steps = 250000
[2023-10-25 13:01:21,487, DEBUG] : gradient_accumulation_steps = 4
[2023-10-25 13:01:21,487, DEBUG] : p = 0.15
[2023-10-25 13:01:21,487, DEBUG] : ada_token = True
[2023-10-25 13:01:21,487, DEBUG] : ada_memo = False
[2023-10-25 13:01:21,487, DEBUG] : cosine = False
[2023-10-25 13:01:21,487, DEBUG] : step = False
[2023-10-25 13:01:21,487, DEBUG] : train = True
[2023-10-25 13:01:21,487, DEBUG] : test = False
[2023-10-25 13:01:21,487, DEBUG] : logging_steps = 10000
[2023-10-25 13:01:21,487, DEBUG] : save_steps = 50000
[2023-10-25 13:01:21,487, DEBUG] : local_rank = 0
[2023-10-25 13:01:21,487, DEBUG] : world_size = 0
[2023-10-25 13:01:21,578, INFO] : Dataset 
	 DatasetDict({
    train: Dataset({
        features: ['input_ids', 'attention_mask'],
        num_rows: 10743786
    })
    test: Dataset({
        features: ['input_ids', 'attention_mask'],
        num_rows: 108
    })
})
[2023-10-25 13:01:21,579, DEBUG] : seed = 91284
[2023-10-25 13:01:21,580, DEBUG] : device = cuda:4
[2023-10-25 13:01:21,581, DEBUG] : cache_dir = /data1/ay0119/hf-cache
[2023-10-25 13:01:21,582, DEBUG] : model_type = google/bert_uncased_L-2_H-128_A-2
[2023-10-25 13:01:21,583, DEBUG] : ckpt = None
[2023-10-25 13:01:21,583, DEBUG] : data = all
[2023-10-25 13:01:21,583, DEBUG] : train_test_split = 1e-05
[2023-10-25 13:01:21,583, DEBUG] : max_seq_length = 512
[2023-10-25 13:01:21,583, DEBUG] : lr = 0.0001
[2023-10-25 13:01:21,583, DEBUG] : lr_scheduler = linear
[2023-10-25 13:01:21,583, DEBUG] : warmup_steps = 10000
[2023-10-25 13:01:21,583, DEBUG] : adam_beta1 = 0.9
[2023-10-25 13:01:21,583, DEBUG] : adam_beta2 = 0.999
[2023-10-25 13:01:21,584, DEBUG] : adam_eps = 1e-08
[2023-10-25 13:01:21,584, DEBUG] : wd = 0.01
[2023-10-25 13:01:21,584, DEBUG] : dropout = 0.1
[2023-10-25 13:01:21,584, DEBUG] : epochs = 40
[2023-10-25 13:01:21,584, DEBUG] : b_train = 16
[2023-10-25 13:01:21,584, DEBUG] : max_steps = 250000
[2023-10-25 13:01:21,584, DEBUG] : gradient_accumulation_steps = 4
[2023-10-25 13:01:21,584, DEBUG] : p = 0.15
[2023-10-25 13:01:21,584, DEBUG] : ada_token = True
[2023-10-25 13:01:21,584, DEBUG] : ada_memo = False
[2023-10-25 13:01:21,584, DEBUG] : cosine = False
[2023-10-25 13:01:21,584, DEBUG] : step = False
[2023-10-25 13:01:21,584, DEBUG] : train = True
[2023-10-25 13:01:21,584, DEBUG] : test = False
[2023-10-25 13:01:21,584, DEBUG] : logging_steps = 10000
[2023-10-25 13:01:21,584, DEBUG] : save_steps = 50000
[2023-10-25 13:01:21,584, DEBUG] : local_rank = 1
[2023-10-25 13:01:21,584, DEBUG] : world_size = 0
[2023-10-25 13:01:23,037, INFO] : Run Name : google/bert_uncased_L-2_H-128_A-2-AdaToken-0.15-91284
[2023-10-25 13:01:23,115, INFO] : Run Name : google/bert_uncased_L-2_H-128_A-2-AdaToken-0.15-91284
